[23:27:00] [ServerMain/INFO]: Environment: Environment[sessionHost=https://sessionserver.mojang.com, servicesHost=https://api.minecraftservices.com, name=PROD]
[23:27:00] [ServerMain/INFO]: Loaded 1373 recipes
[23:27:00] [ServerMain/INFO]: Loaded 1484 advancements
[23:27:01] [Server thread/INFO]: Starting minecraft server version 1.21.5
[23:27:01] [Server thread/INFO]: Loading properties
[23:27:01] [Server thread/INFO]: Default game type: SURVIVAL
[23:27:01] [Server thread/INFO]: Generating keypair
[23:27:01] [Server thread/INFO]: Starting Minecraft server on *:25565
[23:27:01] [Server thread/INFO]: Using default channel type
[23:27:01] [Server thread/WARN]: **** SERVER IS RUNNING IN OFFLINE/INSECURE MODE!
[23:27:01] [Server thread/WARN]: The server will make no attempt to authenticate usernames. Beware.
[23:27:01] [Server thread/WARN]: While this makes the game possible to play without internet access, it also opens up the ability for hackers to connect with any username they choose.
[23:27:01] [Server thread/WARN]: To change this, set "online-mode" to "true" in the server.properties file.
[23:27:01] [Server thread/INFO]: Preparing level "world"
[23:27:01] [Server thread/INFO]: Preparing start region for dimension minecraft:overworld
[23:27:02] [Worker-Main-1/INFO]: Preparing spawn area: 0%
[23:27:02] [Worker-Main-1/INFO]: Preparing spawn area: 0%
[23:27:02] [Worker-Main-1/INFO]: Preparing spawn area: 0%
[23:27:02] [Server thread/INFO]: Time elapsed: 1342 ms
[23:27:02] [Server thread/INFO]: Done (1.509s)! For help, type "help"
